<?xml version="1.0" encoding="UTF-8"?>
<!-- Generated by org.testng.reporters.JUnitXMLReporter -->
<testsuite hostname="VIKRAM-VIJAY-KADAM" ignored="0" name="Default test" tests="3" failures="0" timestamp="24 Apr 2021 15:47:23 GMT" time="5.4" errors="0">
  <testcase name="postNewEmployees" time="2.928" classname="dataDrivenTesting.DDT_AddNewEmployeeWithTwoDimensionalArrayUsingDataProvider"/>
  <testcase name="postNewEmployees" time="1.153" classname="dataDrivenTesting.DDT_AddNewEmployeeWithTwoDimensionalArrayUsingDataProvider"/>
  <testcase name="postNewEmployees" time="1.283" classname="dataDrivenTesting.DDT_AddNewEmployeeWithTwoDimensionalArrayUsingDataProvider"/>
</testsuite> <!-- Default test -->
