<?xml version="1.0" encoding="UTF-8"?>
<!-- Generated by org.testng.reporters.JUnitXMLReporter -->
<testsuite hostname="VIKRAM-VIJAY-KADAM" ignored="0" name="Dryrun_VVK_Test" tests="4" failures="0" timestamp="18 Apr 2021 15:02:08 GMT" time="5.484" errors="0">
  <testcase name="getweatherDetails" time="2.881" classname="vikram.RestAssuredAPI.VVK001_GET_Request"/>
  <testcase name="RegistrationSuccessful" time="1.724" classname="vikram.RestAssuredAPI.VVK002_POST_Request"/>
  <testcase name="googleMapTest" time="0.522" classname="vikram.RestAssuredAPI.VVK003_GET_Request"/>
  <testcase name="googleMapTest" time="0.323" classname="vikram.RestAssuredAPI.VVK004_GET_Request"/>
</testsuite> <!-- Dryrun_VVK_Test -->
