<?xml version="1.0" encoding="UTF-8"?>
<!-- Generated by org.testng.reporters.JUnitXMLReporter -->
<testsuite hostname="VIKRAM-VIJAY-KADAM" ignored="0" name="Dryrun_VVK_Test" tests="6" failures="0" timestamp="24 Apr 2021 15:24:58 GMT" time="9.689" errors="0">
  <testcase name="getweatherDetails" time="2.707" classname="vikram.RestAssuredAPI.VVK001_GET_Request_Weather_API_To_Validate_status_code_And_Status_line"/>
  <testcase name="RegistrationSuccessful" time="2.982" classname="vikram.RestAssuredAPI.VVK002_POST_Request_Register_Customer_API"/>
  <testcase name="googleMapTest" time="0.578" classname="vikram.RestAssuredAPI.VVK003_GET_Request_Google_Map_API_To_Validating_Headers"/>
  <testcase name="googleMapTest" time="0.851" classname="vikram.RestAssuredAPI.VVK004_GET_Request_Google_Map_API_To_Printing_All_Headers"/>
  <testcase name="getweatherDetails" time="1.156" classname="vikram.RestAssuredAPI.VVK005_GET_Request_Weather_API_To_Validate_JSON_Response_body"/>
  <testcase name="getweatherDetails" time="1.375" classname="vikram.RestAssuredAPI.VVK006_GET_Request_Weather_API_To_Extract_Values_of_Each_Node"/>
</testsuite> <!-- Dryrun_VVK_Test -->
