<?xml version="1.0" encoding="UTF-8"?>
<testng-results skipped="0" failed="0" ignored="0" total="1" passed="1">
  <reporter-output>
  </reporter-output>
  <suite name="Default suite" duration-ms="3261" started-at="2021-04-22T17:29:42Z" finished-at="2021-04-22T17:29:45Z">
    <groups>
    </groups>
    <test name="Default test" duration-ms="3261" started-at="2021-04-22T17:29:42Z" finished-at="2021-04-22T17:29:45Z">
      <class name="vikram.RestAssuredAPI.VVK005_GET_Request_Weather_API_To_Validate_JSON_Response_body">
        <test-method status="PASS" signature="getweatherDetails()[pri:0, instance:vikram.RestAssuredAPI.VVK005_GET_Request_Weather_API_To_Validate_JSON_Response_body@cc285f4]" name="getweatherDetails" duration-ms="3234" started-at="2021-04-22T22:59:42Z" finished-at="2021-04-22T22:59:45Z">
          <reporter-output>
          </reporter-output>
        </test-method> <!-- getweatherDetails -->
      </class> <!-- vikram.RestAssuredAPI.VVK005_GET_Request_Weather_API_To_Validate_JSON_Response_body -->
    </test> <!-- Default test -->
  </suite> <!-- Default suite -->
</testng-results>
